<?xml version="1.0" encoding="UTF-8"?>
<!-- Generated by org.testng.reporters.JUnitReportReporter -->
<testsuite hostname="LIN41005967" failures="0" tests="3" name="testrunner.Checkout_page_scenario_outlines_TestRunner" time="99.879" errors="0" timestamp="2023-06-09T11:50:34 IST" skipped="0">
  <testcase classname="testrunner.Checkout_page_scenario_outlines_TestRunner" name="runScenario" time="37.562"/>
  <system-out/>
  <testcase classname="testrunner.Checkout_page_scenario_outlines_TestRunner" name="runScenario" time="30.560"/>
  <system-out/>
  <testcase classname="testrunner.Checkout_page_scenario_outlines_TestRunner" name="runScenario" time="31.757"/>
  <system-out/>
</testsuite> <!-- testrunner.Checkout_page_scenario_outlines_TestRunner -->
