<?xml version="1.0" encoding="UTF-8"?>
<!-- Generated by org.testng.reporters.JUnitReportReporter -->
<testsuite hostname="lin80021186" failures="0" tests="3" name="testrunner.Checkout_page_scenario_outlines_TestRunner" time="117.523" errors="0" timestamp="2023-09-14T17:23:12 IST" skipped="0">
  <testcase classname="testrunner.Checkout_page_scenario_outlines_TestRunner" name="runScenario" time="33.471"/>
  <system-out/>
  <testcase classname="testrunner.Checkout_page_scenario_outlines_TestRunner" name="runScenario" time="36.983"/>
  <system-out/>
  <testcase classname="testrunner.Checkout_page_scenario_outlines_TestRunner" name="runScenario" time="47.069"/>
  <system-out/>
</testsuite> <!-- testrunner.Checkout_page_scenario_outlines_TestRunner -->
