<?xml version="1.0" encoding="UTF-8"?>
<!-- Generated by org.testng.reporters.JUnitReportReporter -->
<testsuite hostname="LIN41005967" failures="0" tests="4" name="testrunner.Checkout_page_scenario_TestRunner" time="183.565" errors="0" timestamp="2023-06-09T12:52:20 IST" skipped="0">
  <testcase classname="testrunner.Checkout_page_scenario_TestRunner" name="runScenario" time="30.615"/>
  <system-out/>
  <testcase classname="testrunner.Checkout_page_scenario_TestRunner" name="runScenario" time="41.515"/>
  <system-out/>
  <testcase classname="testrunner.Checkout_page_scenario_TestRunner" name="runScenario" time="49.350"/>
  <system-out/>
  <testcase classname="testrunner.Checkout_page_scenario_TestRunner" name="runScenario" time="62.085"/>
  <system-out/>
</testsuite> <!-- testrunner.Checkout_page_scenario_TestRunner -->
